[debug] [2025-03-07T06:03:05.484Z] ----------------------------------------------------------------------
[debug] [2025-03-07T06:03:05.486Z] Command:       /usr/local/bin/node /usr/local/bin/firebase apps:create ios --bundle-id=com.wedgegolf.app --project=wedge-golf-test2
[debug] [2025-03-07T06:03:05.486Z] CLI Version:   13.19.0
[debug] [2025-03-07T06:03:05.486Z] Platform:      darwin
[debug] [2025-03-07T06:03:05.486Z] Node Version:  v20.11.0
[debug] [2025-03-07T06:03:05.486Z] Time:          Thu Mar 06 2025 22:03:05 GMT-0800 (Pacific Standard Time)
[debug] [2025-03-07T06:03:05.486Z] ----------------------------------------------------------------------
[debug] 
[debug] [2025-03-07T06:03:05.488Z] > command requires scopes: ["email","openid","https://www.googleapis.com/auth/cloudplatformprojects.readonly","https://www.googleapis.com/auth/firebase","https://www.googleapis.com/auth/cloud-platform"]
[debug] [2025-03-07T06:03:05.489Z] > authorizing via signed-in user (fddiferd@gmail.com)
[info] Create your IOS app in project wedge-golf-test2:
[debug] [2025-03-07T06:03:23.182Z] >>> [apiv2][query] POST https://firebase.googleapis.com/v1beta1/projects/wedge-golf-test2/iosApps [none]
[debug] [2025-03-07T06:03:23.183Z] >>> [apiv2][body] POST https://firebase.googleapis.com/v1beta1/projects/wedge-golf-test2/iosApps {"displayName":"wedge-golf-test2","bundleId":"com.wedgegolf.app","appStoreId":"AA"}
[debug] [2025-03-07T06:03:23.458Z] <<< [apiv2][status] POST https://firebase.googleapis.com/v1beta1/projects/wedge-golf-test2/iosApps 400
[debug] [2025-03-07T06:03:23.458Z] <<< [apiv2][body] POST https://firebase.googleapis.com/v1beta1/projects/wedge-golf-test2/iosApps {"error":{"code":400,"message":"Request contains an invalid argument.","status":"INVALID_ARGUMENT"}}
[debug] [2025-03-07T06:03:23.459Z] HTTP Error: 400, Request contains an invalid argument.
[debug] [2025-03-07T06:03:23.642Z] FirebaseError: HTTP Error: 400, Request contains an invalid argument.
    at responseToError (/usr/local/lib/node_modules/firebase-tools/lib/responseToError.js:49:12)
    at RetryOperation._fn (/usr/local/lib/node_modules/firebase-tools/lib/apiv2.js:305:77)
    at process.processTicksAndRejections (node:internal/process/task_queues:95:5)
[error] 
[error] Error: Failed to create iOS app for project wedge-golf-test2. See firebase-debug.log for more info.
